<?xml version="1.0" encoding="utf-8"?>
<TestRun id="12a0aa8d-8305-482b-9f5a-f2a3b537da8b" name="v-dinchi@DINESHCH 2020-02-19 14:58:30" runUser="FAREAST\v-dinchi" xmlns="http://microsoft.com/schemas/VisualStudio/TeamTest/2010">
  
</TestRun>
